# JRE version: Java(TM) SE Runtime Environment (8.0_201-b09) (build 1.8.0_201-b09)
# Java VM: Java HotSpot(TM) 64-Bit Server VM (25.201-b09 mixed mode windows-amd64 compressed oops)
Heap:
 PSYoungGen      total 302592K, used 18942K [0x00000000d5d00000, 0x00000000eec80000, 0x0000000100000000)
  eden space 287232K, 6% used [0x00000000d5d00000,0x00000000d6f7f8b8,0x00000000e7580000)
  from space 15360K, 0% used [0x00000000e7580000,0x00000000e7580000,0x00000000e8480000)
  to   space 20480K, 0% used [0x00000000ed880000,0x00000000ed880000,0x00000000eec80000)
 ParOldGen       total 81408K, used 38157K [0x0000000081600000, 0x0000000086580000, 0x00000000d5d00000)
  object space 81408K, 46% used [0x0000000081600000,0x0000000083b436f8,0x0000000086580000)
 Metaspace       used 56662K, capacity 59008K, committed 59284K, reserved 1099776K
  class space    used 7638K, capacity 8082K, committed 8152K, reserved 1048576K
GC Heap History (10 events):
Event: 42.779 GC heap before
{Heap before GC invocations=10 (full 1):
 PSYoungGen      total 224768K, used 82407K [0x00000000d5d00000, 0x00000000e4800000, 0x0000000100000000)
  eden space 215040K, 33% used [0x00000000d5d00000,0x00000000da3ff388,0x00000000e2f00000)
  from space 9728K, 99% used [0x00000000e3e80000,0x00000000e47fa878,0x00000000e4800000)
  to   space 12288K, 0% used [0x00000000e3000000,0x00000000e3000000,0x00000000e3c00000)
 ParOldGen       total 51712K, used 9452K [0x0000000081600000, 0x0000000084880000, 0x00000000d5d00000)
  object space 51712K, 18% used [0x0000000081600000,0x0000000081f3b100,0x0000000084880000)
 Metaspace       used 33719K, capacity 35278K, committed 35416K, reserved 1079296K
  class space    used 4327K, capacity 4615K, committed 4696K, reserved 1048576K
Event: 42.819 GC heap after
Heap after GC invocations=10 (full 1):
 PSYoungGen      total 228352K, used 12256K [0x00000000d5d00000, 0x00000000e9600000, 0x0000000100000000)
  eden space 216064K, 0% used [0x00000000d5d00000,0x00000000d5d00000,0x00000000e3000000)
  from space 12288K, 99% used [0x00000000e3000000,0x00000000e3bf8308,0x00000000e3c00000)
  to   space 14336K, 0% used [0x00000000e8800000,0x00000000e8800000,0x00000000e9600000)
 ParOldGen       total 51712K, used 10841K [0x0000000081600000, 0x0000000084880000, 0x00000000d5d00000)
  object space 51712K, 20% used [0x0000000081600000,0x00000000820965d8,0x0000000084880000)
 Metaspace       used 33719K, capacity 35278K, committed 35416K, reserved 1079296K
  class space    used 4327K, capacity 4615K, committed 4696K, reserved 1048576K
}
Event: 42.820 GC heap before
{Heap before GC invocations=11 (full 2):
 PSYoungGen      total 228352K, used 12256K [0x00000000d5d00000, 0x00000000e9600000, 0x0000000100000000)
  eden space 216064K, 0% used [0x00000000d5d00000,0x00000000d5d00000,0x00000000e3000000)
  from space 12288K, 99% used [0x00000000e3000000,0x00000000e3bf8308,0x00000000e3c00000)
  to   space 14336K, 0% used [0x00000000e8800000,0x00000000e8800000,0x00000000e9600000)
 ParOldGen       total 51712K, used 10841K [0x0000000081600000, 0x0000000084880000, 0x00000000d5d00000)
  object space 51712K, 20% used [0x0000000081600000,0x00000000820965d8,0x0000000084880000)
 Metaspace       used 33719K, capacity 35278K, committed 35416K, reserved 1079296K
  class space    used 4327K, capacity 4615K, committed 4696K, reserved 1048576K
Event: 43.000 GC heap after
Heap after GC invocations=11 (full 2):
 PSYoungGen      total 228352K, used 0K [0x00000000d5d00000, 0x00000000e9600000, 0x0000000100000000)
  eden space 216064K, 0% used [0x00000000d5d00000,0x00000000d5d00000,0x00000000e3000000)
  from space 12288K, 0% used [0x00000000e3000000,0x00000000e3000000,0x00000000e3c00000)
  to   space 14336K, 0% used [0x00000000e8800000,0x00000000e8800000,0x00000000e9600000)
 ParOldGen       total 81408K, used 18478K [0x0000000081600000, 0x0000000086580000, 0x00000000d5d00000)
  object space 81408K, 22% used [0x0000000081600000,0x000000008280b9e8,0x0000000086580000)
 Metaspace       used 33719K, capacity 35278K, committed 35416K, reserved 1079296K
  class space    used 4327K, capacity 4615K, committed 4696K, reserved 1048576K
}
Event: 59.323 GC heap before
{Heap before GC invocations=12 (full 2):
 PSYoungGen      total 228352K, used 216064K [0x00000000d5d00000, 0x00000000e9600000, 0x0000000100000000)
  eden space 216064K, 100% used [0x00000000d5d00000,0x00000000e3000000,0x00000000e3000000)
  from space 12288K, 0% used [0x00000000e3000000,0x00000000e3000000,0x00000000e3c00000)
  to   space 14336K, 0% used [0x00000000e8800000,0x00000000e8800000,0x00000000e9600000)
 ParOldGen       total 81408K, used 18478K [0x0000000081600000, 0x0000000086580000, 0x00000000d5d00000)
  object space 81408K, 22% used [0x0000000081600000,0x000000008280b9e8,0x0000000086580000)
 Metaspace       used 41546K, capacity 43350K, committed 43480K, reserved 1087488K
  class space    used 5171K, capacity 5513K, committed 5592K, reserved 1048576K
Event: 59.352 GC heap after
Heap after GC invocations=12 (full 2):
 PSYoungGen      total 296960K, used 11702K [0x00000000d5d00000, 0x00000000e9380000, 0x0000000100000000)
  eden space 285184K, 0% used [0x00000000d5d00000,0x00000000d5d00000,0x00000000e7380000)
  from space 11776K, 99% used [0x00000000e8800000,0x00000000e936da40,0x00000000e9380000)
  to   space 15360K, 0% used [0x00000000e7580000,0x00000000e7580000,0x00000000e8480000)
 ParOldGen       total 81408K, used 18486K [0x0000000081600000, 0x0000000086580000, 0x00000000d5d00000)
  object space 81408K, 22% used [0x0000000081600000,0x000000008280d9e8,0x0000000086580000)
 Metaspace       used 41546K, capacity 43350K, committed 43480K, reserved 1087488K
  class space    used 5171K, capacity 5513K, committed 5592K, reserved 1048576K
}
Event: 96.167 GC heap before
{Heap before GC invocations=13 (full 2):
 PSYoungGen      total 296960K, used 271286K [0x00000000d5d00000, 0x00000000e9380000, 0x0000000100000000)
  eden space 285184K, 91% used [0x00000000d5d00000,0x00000000e5a7ff78,0x00000000e7380000)
  from space 11776K, 99% used [0x00000000e8800000,0x00000000e936da40,0x00000000e9380000)
  to   space 15360K, 0% used [0x00000000e7580000,0x00000000e7580000,0x00000000e8480000)
 ParOldGen       total 81408K, used 18486K [0x0000000081600000, 0x0000000086580000, 0x00000000d5d00000)
  object space 81408K, 22% used [0x0000000081600000,0x000000008280d9e8,0x0000000086580000)
 Metaspace       used 56558K, capacity 58886K, committed 59028K, reserved 1099776K
  class space    used 7604K, capacity 8045K, committed 8152K, reserved 1048576K
Event: 96.263 GC heap after
Heap after GC invocations=13 (full 2):
 PSYoungGen      total 302592K, used 15350K [0x00000000d5d00000, 0x00000000eec80000, 0x0000000100000000)
  eden space 287232K, 0% used [0x00000000d5d00000,0x00000000d5d00000,0x00000000e7580000)
  from space 15360K, 99% used [0x00000000e7580000,0x00000000e847dbf8,0x00000000e8480000)
  to   space 20480K, 0% used [0x00000000ed880000,0x00000000ed880000,0x00000000eec80000)
 ParOldGen       total 81408K, used 26125K [0x0000000081600000, 0x0000000086580000, 0x00000000d5d00000)
  object space 81408K, 32% used [0x0000000081600000,0x0000000082f83448,0x0000000086580000)
 Metaspace       used 56558K, capacity 58886K, committed 59028K, reserved 1099776K
  class space    used 7604K, capacity 8045K, committed 8152K, reserved 1048576K
}
Event: 96.263 GC heap before
{Heap before GC invocations=14 (full 3):
 PSYoungGen      total 302592K, used 15350K [0x00000000d5d00000, 0x00000000eec80000, 0x0000000100000000)
  eden space 287232K, 0% used [0x00000000d5d00000,0x00000000d5d00000,0x00000000e7580000)
  from space 15360K, 99% used [0x00000000e7580000,0x00000000e847dbf8,0x00000000e8480000)
  to   space 20480K, 0% used [0x00000000ed880000,0x00000000ed880000,0x00000000eec80000)
 ParOldGen       total 81408K, used 26125K [0x0000000081600000, 0x0000000086580000, 0x00000000d5d00000)
  object space 81408K, 32% used [0x0000000081600000,0x0000000082f83448,0x0000000086580000)
 Metaspace       used 56558K, capacity 58886K, committed 59028K, reserved 1099776K
  class space    used 7604K, capacity 8045K, committed 8152K, reserved 1048576K
Event: 96.784 GC heap after
Heap after GC invocations=14 (full 3):
 PSYoungGen      total 302592K, used 0K [0x00000000d5d00000, 0x00000000eec80000, 0x0000000100000000)
  eden space 287232K, 0% used [0x00000000d5d00000,0x00000000d5d00000,0x00000000e7580000)
  from space 15360K, 0% used [0x00000000e7580000,0x00000000e7580000,0x00000000e8480000)
  to   space 20480K, 0% used [0x00000000ed880000,0x00000000ed880000,0x00000000eec80000)
 ParOldGen       total 81408K, used 38157K [0x0000000081600000, 0x0000000086580000, 0x00000000d5d00000)
  object space 81408K, 46% used [0x0000000081600000,0x0000000083b436f8,0x0000000086580000)
 Metaspace       used 56558K, capacity 58886K, committed 59028K, reserved 1099776K
  class space    used 7604K, capacity 8045K, committed 8152K, reserved 1048576K
}

